CRITICAL - 2022-08-23 11:11:53 --> Call to undefined function CodeIgniter\locale_set_default()
#0 /home/u1588450/public_html/vendor/codeigniter4/framework/system/bootstrap.php(157): CodeIgniter\CodeIgniter->initialize()
#1 /home/u1588450/public_html/public/index.php(28): require('/home/u1588450/...')
#2 {main}
CRITICAL - 2022-08-23 11:12:12 --> Call to undefined function CodeIgniter\locale_set_default()
#0 /home/u1588450/public_html/vendor/codeigniter4/framework/system/bootstrap.php(157): CodeIgniter\CodeIgniter->initialize()
#1 /home/u1588450/public_html/public/index.php(28): require('/home/u1588450/...')
#2 {main}
ERROR - 2022-08-23 06:15:23 --> Error connecting to the database: MySQL server has gone away
CRITICAL - 2022-08-23 06:15:23 --> Unable to connect to the database.
Main connection [MySQLi]: MySQL server has gone away
#0 /home/u1588450/public_html/vendor/codeigniter4/framework/system/Database/BaseConnection.php(625): CodeIgniter\Database\BaseConnection->initialize()
#1 /home/u1588450/public_html/vendor/codeigniter4/framework/system/Database/BaseBuilder.php(1881): CodeIgniter\Database\BaseConnection->query()
#2 /home/u1588450/public_html/vendor/codeigniter4/framework/system/Model.php(197): CodeIgniter\Database\BaseBuilder->get()
#3 /home/u1588450/public_html/vendor/codeigniter4/framework/system/BaseModel.php(603): CodeIgniter\Model->doFindAll()
#4 /home/u1588450/public_html/app/Controllers/LandingPages.php(16): CodeIgniter\BaseModel->findAll()
#5 /home/u1588450/public_html/vendor/codeigniter4/framework/system/CodeIgniter.php(928): App\Controllers\LandingPages->index()
#6 /home/u1588450/public_html/vendor/codeigniter4/framework/system/CodeIgniter.php(436): CodeIgniter\CodeIgniter->runController()
#7 /home/u1588450/public_html/vendor/codeigniter4/framework/system/CodeIgniter.php(336): CodeIgniter\CodeIgniter->handleRequest()
#8 /home/u1588450/public_html/public/index.php(37): CodeIgniter\CodeIgniter->run()
#9 {main}
ERROR - 2022-08-23 06:18:13 --> Error connecting to the database: Access denied for user '****'@'localhost' to database 'u1588450_landing_pages'
CRITICAL - 2022-08-23 06:18:13 --> Unable to connect to the database.
Main connection [MySQLi]: Access denied for user '****'@'localhost' to database 'u1588450_landing_pages'
#0 /home/u1588450/public_html/vendor/codeigniter4/framework/system/Database/BaseConnection.php(625): CodeIgniter\Database\BaseConnection->initialize()
#1 /home/u1588450/public_html/vendor/codeigniter4/framework/system/Database/BaseBuilder.php(1881): CodeIgniter\Database\BaseConnection->query()
#2 /home/u1588450/public_html/vendor/codeigniter4/framework/system/Model.php(197): CodeIgniter\Database\BaseBuilder->get()
#3 /home/u1588450/public_html/vendor/codeigniter4/framework/system/BaseModel.php(603): CodeIgniter\Model->doFindAll()
#4 /home/u1588450/public_html/app/Controllers/LandingPages.php(16): CodeIgniter\BaseModel->findAll()
#5 /home/u1588450/public_html/vendor/codeigniter4/framework/system/CodeIgniter.php(928): App\Controllers\LandingPages->index()
#6 /home/u1588450/public_html/vendor/codeigniter4/framework/system/CodeIgniter.php(436): CodeIgniter\CodeIgniter->runController()
#7 /home/u1588450/public_html/vendor/codeigniter4/framework/system/CodeIgniter.php(336): CodeIgniter\CodeIgniter->handleRequest()
#8 /home/u1588450/public_html/public/index.php(37): CodeIgniter\CodeIgniter->run()
#9 {main}
