ERROR - 2022-01-11 07:43:02 --> Error connecting to the database: No such file or directory
CRITICAL - 2022-01-11 07:43:02 --> Unable to connect to the database.
Main connection [MySQLi]: No such file or directory
#0 /home/vol15_7/epizy.com/epiz_30782728/htdocs/vendor/codeigniter4/framework/system/Database/BaseConnection.php(625): CodeIgniter\Database\BaseConnection->initialize()
#1 /home/vol15_7/epizy.com/epiz_30782728/htdocs/vendor/codeigniter4/framework/system/Database/BaseBuilder.php(1881): CodeIgniter\Database\BaseConnection->query('SELECT *\nFROM `...', Array, false)
#2 /home/vol15_7/epizy.com/epiz_30782728/htdocs/vendor/codeigniter4/framework/system/Model.php(197): CodeIgniter\Database\BaseBuilder->get()
#3 /home/vol15_7/epizy.com/epiz_30782728/htdocs/vendor/codeigniter4/framework/system/BaseModel.php(603): CodeIgniter\Model->doFindAll(0, 0)
#4 /home/vol15_7/epizy.com/epiz_30782728/htdocs/app/Controllers/LandingPages.php(16): CodeIgniter\BaseModel->findAll()
#5 /home/vol15_7/epizy.com/epiz_30782728/htdocs/vendor/codeigniter4/framework/system/CodeIgniter.php(928): App\Controllers\LandingPages->index()
#6 /home/vol15_7/epizy.com/epiz_30782728/htdocs/vendor/codeigniter4/framework/system/CodeIgniter.php(436): CodeIgniter\CodeIgniter->runController(Object(App\Controllers\LandingPages))
#7 /home/vol15_7/epizy.com/epiz_30782728/htdocs/vendor/codeigniter4/framework/system/CodeIgniter.php(336): CodeIgniter\CodeIgniter->handleRequest(NULL, Object(Config\Cache), false)
#8 /home/vol15_7/epizy.com/epiz_30782728/htdocs/index.php(37): CodeIgniter\CodeIgniter->run()
#9 {main}
ERROR - 2022-01-11 07:53:07 --> Error connecting to the database: Access denied for user '****'@'192.168.%' to database 'landing_pages'
CRITICAL - 2022-01-11 07:53:07 --> Unable to connect to the database.
Main connection [MySQLi]: Access denied for user '****'@'192.168.%' to database 'landing_pages'
#0 /home/vol15_7/epizy.com/epiz_30782728/htdocs/vendor/codeigniter4/framework/system/Database/BaseConnection.php(625): CodeIgniter\Database\BaseConnection->initialize()
#1 /home/vol15_7/epizy.com/epiz_30782728/htdocs/vendor/codeigniter4/framework/system/Database/BaseBuilder.php(1881): CodeIgniter\Database\BaseConnection->query('SELECT *\nFROM `...', Array, false)
#2 /home/vol15_7/epizy.com/epiz_30782728/htdocs/vendor/codeigniter4/framework/system/Model.php(197): CodeIgniter\Database\BaseBuilder->get()
#3 /home/vol15_7/epizy.com/epiz_30782728/htdocs/vendor/codeigniter4/framework/system/BaseModel.php(603): CodeIgniter\Model->doFindAll(0, 0)
#4 /home/vol15_7/epizy.com/epiz_30782728/htdocs/app/Controllers/LandingPages.php(16): CodeIgniter\BaseModel->findAll()
#5 /home/vol15_7/epizy.com/epiz_30782728/htdocs/vendor/codeigniter4/framework/system/CodeIgniter.php(928): App\Controllers\LandingPages->index()
#6 /home/vol15_7/epizy.com/epiz_30782728/htdocs/vendor/codeigniter4/framework/system/CodeIgniter.php(436): CodeIgniter\CodeIgniter->runController(Object(App\Controllers\LandingPages))
#7 /home/vol15_7/epizy.com/epiz_30782728/htdocs/vendor/codeigniter4/framework/system/CodeIgniter.php(336): CodeIgniter\CodeIgniter->handleRequest(NULL, Object(Config\Cache), false)
#8 /home/vol15_7/epizy.com/epiz_30782728/htdocs/index.php(37): CodeIgniter\CodeIgniter->run()
#9 {main}
