ERROR - 2022-08-20 22:31:17 --> Error connecting to the database: No connection could be made because the target machine actively refused it
CRITICAL - 2022-08-20 22:31:17 --> Unable to connect to the database.
Main connection [MySQLi]: No connection could be made because the target machine actively refused it
#0 C:\xampp\htdocs\Web-Subaru\landingpages\vendor\codeigniter4\framework\system\Database\BaseConnection.php(625): CodeIgniter\Database\BaseConnection->initialize()
#1 C:\xampp\htdocs\Web-Subaru\landingpages\vendor\codeigniter4\framework\system\Database\BaseBuilder.php(1881): CodeIgniter\Database\BaseConnection->query('SELECT *\nFROM `...', Array, false)
#2 C:\xampp\htdocs\Web-Subaru\landingpages\vendor\codeigniter4\framework\system\Model.php(197): CodeIgniter\Database\BaseBuilder->get()
#3 C:\xampp\htdocs\Web-Subaru\landingpages\vendor\codeigniter4\framework\system\BaseModel.php(603): CodeIgniter\Model->doFindAll(0, 0)
#4 C:\xampp\htdocs\Web-Subaru\landingpages\app\Controllers\LandingPages.php(16): CodeIgniter\BaseModel->findAll()
#5 C:\xampp\htdocs\Web-Subaru\landingpages\vendor\codeigniter4\framework\system\CodeIgniter.php(928): App\Controllers\LandingPages->index()
#6 C:\xampp\htdocs\Web-Subaru\landingpages\vendor\codeigniter4\framework\system\CodeIgniter.php(436): CodeIgniter\CodeIgniter->runController(Object(App\Controllers\LandingPages))
#7 C:\xampp\htdocs\Web-Subaru\landingpages\vendor\codeigniter4\framework\system\CodeIgniter.php(336): CodeIgniter\CodeIgniter->handleRequest(NULL, Object(Config\Cache), false)
#8 C:\xampp\htdocs\Web-Subaru\index.php(37): CodeIgniter\CodeIgniter->run()
#9 {main}
ERROR - 2022-08-20 22:31:48 --> Error connecting to the database: No connection could be made because the target machine actively refused it
CRITICAL - 2022-08-20 22:31:48 --> Unable to connect to the database.
Main connection [MySQLi]: No connection could be made because the target machine actively refused it
#0 C:\xampp\htdocs\Web-Subaru\landingpages\vendor\codeigniter4\framework\system\Database\BaseConnection.php(625): CodeIgniter\Database\BaseConnection->initialize()
#1 C:\xampp\htdocs\Web-Subaru\landingpages\vendor\codeigniter4\framework\system\Database\BaseBuilder.php(1881): CodeIgniter\Database\BaseConnection->query('SELECT *\nFROM `...', Array, false)
#2 C:\xampp\htdocs\Web-Subaru\landingpages\vendor\codeigniter4\framework\system\Model.php(197): CodeIgniter\Database\BaseBuilder->get()
#3 C:\xampp\htdocs\Web-Subaru\landingpages\vendor\codeigniter4\framework\system\BaseModel.php(603): CodeIgniter\Model->doFindAll(0, 0)
#4 C:\xampp\htdocs\Web-Subaru\landingpages\app\Controllers\LandingPages.php(16): CodeIgniter\BaseModel->findAll()
#5 C:\xampp\htdocs\Web-Subaru\landingpages\vendor\codeigniter4\framework\system\CodeIgniter.php(928): App\Controllers\LandingPages->index()
#6 C:\xampp\htdocs\Web-Subaru\landingpages\vendor\codeigniter4\framework\system\CodeIgniter.php(436): CodeIgniter\CodeIgniter->runController(Object(App\Controllers\LandingPages))
#7 C:\xampp\htdocs\Web-Subaru\landingpages\vendor\codeigniter4\framework\system\CodeIgniter.php(336): CodeIgniter\CodeIgniter->handleRequest(NULL, Object(Config\Cache), false)
#8 C:\xampp\htdocs\Web-Subaru\index.php(37): CodeIgniter\CodeIgniter->run()
#9 {main}
