CRITICAL - 2022-08-21 05:06:22 --> Call to undefined function CodeIgniter\locale_set_default()
#0 C:\xampp\htdocs\Web-Subaru\landingpages\vendor\codeigniter4\framework\system\bootstrap.php(157): CodeIgniter\CodeIgniter->initialize()
#1 C:\xampp\htdocs\Web-Subaru\landingpages\spark(46): require('C:\\xampp\\htdocs...')
#2 {main}
CRITICAL - 2022-08-21 06:11:19 --> The framework needs the following extension(s) installed and loaded: GD.
#0 C:\xampp\htdocs\Yura-Company\vendor\codeigniter4\framework\system\Images\Handlers\GDHandler.php(36): CodeIgniter\Exceptions\FrameworkException::forMissingExtension('GD')
#1 C:\xampp\htdocs\Yura-Company\vendor\codeigniter4\framework\system\Config\Services.php(378): CodeIgniter\Images\Handlers\GDHandler->__construct(Object(Config\Images))
#2 C:\xampp\htdocs\Yura-Company\vendor\codeigniter4\framework\system\Config\BaseService.php(263): CodeIgniter\Config\Services::image('gd', Object(Config\Images), false)
#3 C:\xampp\htdocs\Yura-Company\vendor\codeigniter4\framework\system\Config\BaseService.php(192): CodeIgniter\Config\BaseService::__callStatic('image', Array)
#4 C:\xampp\htdocs\Yura-Company\vendor\codeigniter4\framework\system\Config\Services.php(371): CodeIgniter\Config\BaseService::getSharedInstance('image', 'gd', NULL)
#5 C:\xampp\htdocs\Yura-Company\vendor\codeigniter4\framework\system\Config\BaseService.php(263): CodeIgniter\Config\Services::image('gd')
#6 C:\xampp\htdocs\Yura-Company\app\Helpers\ImageManipulation_helper.php(46): CodeIgniter\Config\BaseService::__callStatic('image', Array)
#7 C:\xampp\htdocs\Yura-Company\app\Controllers\Admin\Portfolio.php(92): imgConvert('Portfolio_Aug_2...', 'Portfolio_Aug_2...', 'assets/img/gall...', 'jpg')
#8 C:\xampp\htdocs\Yura-Company\vendor\codeigniter4\framework\system\CodeIgniter.php(928): App\Controllers\Admin\Portfolio->save()
#9 C:\xampp\htdocs\Yura-Company\vendor\codeigniter4\framework\system\CodeIgniter.php(436): CodeIgniter\CodeIgniter->runController(Object(App\Controllers\Admin\Portfolio))
#10 C:\xampp\htdocs\Yura-Company\vendor\codeigniter4\framework\system\CodeIgniter.php(336): CodeIgniter\CodeIgniter->handleRequest(NULL, Object(Config\Cache), false)
#11 C:\xampp\htdocs\Yura-Company\public\index.php(37): CodeIgniter\CodeIgniter->run()
#12 C:\xampp\htdocs\Yura-Company\vendor\codeigniter4\framework\system\Commands\Server\rewrite.php(45): require_once('C:\\xampp\\htdocs...')
#13 {main}
CRITICAL - 2022-08-21 06:13:34 --> The framework needs the following extension(s) installed and loaded: GD.
#0 C:\xampp\htdocs\Yura-Company\vendor\codeigniter4\framework\system\Images\Handlers\GDHandler.php(36): CodeIgniter\Exceptions\FrameworkException::forMissingExtension('GD')
#1 C:\xampp\htdocs\Yura-Company\vendor\codeigniter4\framework\system\Config\Services.php(378): CodeIgniter\Images\Handlers\GDHandler->__construct(Object(Config\Images))
#2 C:\xampp\htdocs\Yura-Company\vendor\codeigniter4\framework\system\Config\BaseService.php(263): CodeIgniter\Config\Services::image('gd', Object(Config\Images), false)
#3 C:\xampp\htdocs\Yura-Company\vendor\codeigniter4\framework\system\Config\BaseService.php(192): CodeIgniter\Config\BaseService::__callStatic('image', Array)
#4 C:\xampp\htdocs\Yura-Company\vendor\codeigniter4\framework\system\Config\Services.php(371): CodeIgniter\Config\BaseService::getSharedInstance('image', 'gd', NULL)
#5 C:\xampp\htdocs\Yura-Company\vendor\codeigniter4\framework\system\Config\BaseService.php(263): CodeIgniter\Config\Services::image('gd')
#6 C:\xampp\htdocs\Yura-Company\app\Helpers\ImageManipulation_helper.php(46): CodeIgniter\Config\BaseService::__callStatic('image', Array)
#7 C:\xampp\htdocs\Yura-Company\app\Controllers\Admin\Portfolio.php(92): imgConvert('Portfolio_Aug_2...', 'Portfolio_Aug_2...', 'assets/img/gall...', 'jpg')
#8 C:\xampp\htdocs\Yura-Company\vendor\codeigniter4\framework\system\CodeIgniter.php(928): App\Controllers\Admin\Portfolio->save()
#9 C:\xampp\htdocs\Yura-Company\vendor\codeigniter4\framework\system\CodeIgniter.php(436): CodeIgniter\CodeIgniter->runController(Object(App\Controllers\Admin\Portfolio))
#10 C:\xampp\htdocs\Yura-Company\vendor\codeigniter4\framework\system\CodeIgniter.php(336): CodeIgniter\CodeIgniter->handleRequest(NULL, Object(Config\Cache), false)
#11 C:\xampp\htdocs\Yura-Company\public\index.php(37): CodeIgniter\CodeIgniter->run()
#12 C:\xampp\htdocs\Yura-Company\vendor\codeigniter4\framework\system\Commands\Server\rewrite.php(45): require_once('C:\\xampp\\htdocs...')
#13 {main}
CRITICAL - 2022-08-21 06:15:05 --> The framework needs the following extension(s) installed and loaded: GD.
#0 C:\xampp\htdocs\Yura-Company\vendor\codeigniter4\framework\system\Images\Handlers\GDHandler.php(36): CodeIgniter\Exceptions\FrameworkException::forMissingExtension('GD')
#1 C:\xampp\htdocs\Yura-Company\vendor\codeigniter4\framework\system\Config\Services.php(378): CodeIgniter\Images\Handlers\GDHandler->__construct(Object(Config\Images))
#2 C:\xampp\htdocs\Yura-Company\vendor\codeigniter4\framework\system\Config\BaseService.php(263): CodeIgniter\Config\Services::image('gd', Object(Config\Images), false)
#3 C:\xampp\htdocs\Yura-Company\vendor\codeigniter4\framework\system\Config\BaseService.php(192): CodeIgniter\Config\BaseService::__callStatic('image', Array)
#4 C:\xampp\htdocs\Yura-Company\vendor\codeigniter4\framework\system\Config\Services.php(371): CodeIgniter\Config\BaseService::getSharedInstance('image', 'gd', NULL)
#5 C:\xampp\htdocs\Yura-Company\vendor\codeigniter4\framework\system\Config\BaseService.php(263): CodeIgniter\Config\Services::image('gd')
#6 C:\xampp\htdocs\Yura-Company\app\Helpers\ImageManipulation_helper.php(46): CodeIgniter\Config\BaseService::__callStatic('image', Array)
#7 C:\xampp\htdocs\Yura-Company\app\Controllers\Admin\Portfolio.php(92): imgConvert('Portfolio_Aug_2...', 'Portfolio_Aug_2...', 'assets/img/gall...', 'jpg')
#8 C:\xampp\htdocs\Yura-Company\vendor\codeigniter4\framework\system\CodeIgniter.php(928): App\Controllers\Admin\Portfolio->save()
#9 C:\xampp\htdocs\Yura-Company\vendor\codeigniter4\framework\system\CodeIgniter.php(436): CodeIgniter\CodeIgniter->runController(Object(App\Controllers\Admin\Portfolio))
#10 C:\xampp\htdocs\Yura-Company\vendor\codeigniter4\framework\system\CodeIgniter.php(336): CodeIgniter\CodeIgniter->handleRequest(NULL, Object(Config\Cache), false)
#11 C:\xampp\htdocs\Yura-Company\public\index.php(37): CodeIgniter\CodeIgniter->run()
#12 C:\xampp\htdocs\Yura-Company\vendor\codeigniter4\framework\system\Commands\Server\rewrite.php(45): require_once('C:\\xampp\\htdocs...')
#13 {main}
